[  0%] Built target ParticleDataTable_Internal
[  0%] Built target SympyJacobianEngine_Internal
[  2%] Built target SympyCovarianceEngine_Internal
[  2%] Built target SympyStepperMath_Internal
[  2%] Built target ActsExamplesIoRootDict
[ 46%] Built target ActsCore
[ 48%] Built target ActsPluginFpeMonitoring
[ 51%] Built target ActsFatras
[ 51%] Built target ActsPluginRoot
[ 55%] Built target ActsPluginJson
[ 60%] Built target ActsExamplesFramework
[ 60%] Built target ActsExamplesPrinters
[ 60%] Built target ActsExamplesMagneticField
[ 60%] Built target ActsExamplesIoHepMC3
[ 60%] Built target ActsExamplesGeometry
[ 60%] Built target ActsExamplesMaterialMapping
[ 60%] Built target ActsExamplesPropagation
[ 62%] Built target ActsExamplesDigitization
[ 65%] Built target ActsExamplesAmbiguityResolution
[ 65%] Built target ActsExamplesDetectorsCommon
[ 65%] Built target ActsExamplesTruthTracking
[ 67%] Built target ActsExamplesUtilities
[ 69%] Built target ActsExamplesGenerators
[ 72%] Built target ActsExamplesFatras
[ 72%] Built target ActsExampleHelloWorld
[ 72%] Built target ActsExamplesIoObj
[ 72%] Building CXX object Examples/Algorithms/TrackFinding/CMakeFiles/ActsExamplesTrackFinding.dir/src/GbtsSeedingAlgorithm.cpp.o
[ 72%] Building CXX object Examples/Algorithms/Vertexing/CMakeFiles/ActsExamplesVertexing.dir/src/AdaptiveMultiVertexFinderAlgorithm.cpp.o
[ 72%] Built target ActsExamplesDetectorTelescope
[ 72%] Built target ActsExamplesDetectorGeneric
[ 72%] Building CXX object Examples/Algorithms/Vertexing/CMakeFiles/ActsExamplesVertexing.dir/src/HoughVertexFinderAlgorithm.cpp.o
[ 72%] Building CXX object Examples/Algorithms/Vertexing/CMakeFiles/ActsExamplesVertexing.dir/src/IterativeVertexFinderAlgorithm.cpp.o
[ 72%] Built target ActsExamplesTrackFitting
[ 72%] Building CXX object Examples/Algorithms/GeneratorsPythia8/CMakeFiles/ActsExamplesGeneratorsPythia8.dir/ActsExamples/Generators/Pythia8ProcessGenerator.cpp.o
[ 76%] Built target ActsExamplesIoCsv
[ 83%] Building CXX object Examples/Algorithms/Vertexing/CMakeFiles/ActsExamplesVertexing.dir/src/VertexFitterAlgorithm.cpp.o
[ 83%] Built target ActsExamplesIoRoot
[ 83%] Building CXX object Examples/Detectors/TGeoDetector/CMakeFiles/ActsExamplesDetectorTGeo.dir/src/TGeoDetector.cpp.o
[ 83%] Building CXX object Examples/Algorithms/Vertexing/CMakeFiles/ActsExamplesVertexing.dir/src/TruthVertexSeeder.cpp.o
In file included from /home/ppd/jasper/QT/acts/Examples/Algorithms/TrackFinding/src/GbtsSeedingAlgorithm.cpp:9:
/home/ppd/jasper/QT/acts/Examples/Algorithms/TrackFinding/include/ActsExamples/TrackFinding/GbtsSeedingAlgorithm.hpp:85:22: error: expected ';' at end of member declaration
   85 |   std::map<int, int> LayeridMap
      |                      ^~~~~~~~~~
      |                                ;
/home/ppd/jasper/QT/acts/Examples/Algorithms/TrackFinding/src/GbtsSeedingAlgorithm.cpp: In lambda function:
/home/ppd/jasper/QT/acts/Examples/Algorithms/TrackFinding/src/GbtsSeedingAlgorithm.cpp:351:24: error: no matching function for call to 'std::map<int, int>::insert(<brace-enclosed initializer list>) const'
  351 |       LayeridMap.insert({combined_id, LayerID}); //every unique Logical Layer is given a layer ID
      |       ~~~~~~~~~~~~~~~~~^~~~~~~~~~~~~~~~~~~~~~~~
In file included from /cvmfs/sft.cern.ch/lcg/releases/gcc/13.1.0-b3d18/x86_64-el9/include/c++/13.1.0/map:63,
                 from /home/ppd/jasper/QT/acts/Core/include/Acts/TrackFinding/GbtsConnector.hpp:14,
                 from /home/ppd/jasper/QT/acts/Core/include/Acts/Seeding/GbtsGeometry.hpp:12,
                 from /home/ppd/jasper/QT/acts/Core/include/Acts/Seeding/GbtsDataStorage.hpp:13,
                 from /home/ppd/jasper/QT/acts/Core/include/Acts/Seeding/GbtsTrackingFilter.hpp:12,
                 from /home/ppd/jasper/QT/acts/Core/include/Acts/Seeding/GbtsBase.hpp:12,
                 from /home/ppd/jasper/QT/acts/Core/include/Acts/Seeding/SeedFinderGbtsConfig.hpp:15,
                 from /home/ppd/jasper/QT/acts/Core/include/Acts/Seeding/SeedFinderGbts.hpp:12,
                 from /home/ppd/jasper/QT/acts/Examples/Algorithms/TrackFinding/include/ActsExamples/TrackFinding/GbtsSeedingAlgorithm.hpp:13:
/cvmfs/sft.cern.ch/lcg/releases/gcc/13.1.0-b3d18/x86_64-el9/include/c++/13.1.0/bits/stl_map.h:840:7: note: candidate: 'std::pair<typename std::_Rb_tree<_Key, std::pair<const _Key, _Val>, std::_Select1st<std::pair<const _Key, _Val> >, _Compare, typename __gnu_cxx::__alloc_traits<_Allocator>::rebind<std::pair<const _Key, _Val> >::other>::iterator, bool> std::map<_Key, _Tp, _Compare, _Alloc>::insert(value_type&&) [with _Key = int; _Tp = int; _Compare = std::less<int>; _Alloc = std::allocator<std::pair<const int, int> >; typename std::_Rb_tree<_Key, std::pair<const _Key, _Val>, std::_Select1st<std::pair<const _Key, _Val> >, _Compare, typename __gnu_cxx::__alloc_traits<_Allocator>::rebind<std::pair<const _Key, _Val> >::other>::iterator = std::_Rb_tree<int, std::pair<const int, int>, std::_Select1st<std::pair<const int, int> >, std::less<int>, std::allocator<std::pair<const int, int> > >::iterator; typename __gnu_cxx::__alloc_traits<_Allocator>::rebind<std::pair<const _Key, _Val> >::other = std::allocator<std::pair<const int, int> >; typename __gnu_cxx::__alloc_traits<_Allocator>::rebind<std::pair<const _Key, _Val> > = __gnu_cxx::__alloc_traits<std::allocator<std::pair<const int, int> >, std::pair<const int, int> >::rebind<std::pair<const int, int> >; typename _Allocator::value_type = std::pair<const int, int>; value_type = std::pair<const int, int>]' (near match)
  840 |       insert(value_type&& __x)
      |       ^~~~~~
/cvmfs/sft.cern.ch/lcg/releases/gcc/13.1.0-b3d18/x86_64-el9/include/c++/13.1.0/bits/stl_map.h:840:7: note:   passing 'const std::map<int, int>*' as 'this' argument discards qualifiers
/cvmfs/sft.cern.ch/lcg/releases/gcc/13.1.0-b3d18/x86_64-el9/include/c++/13.1.0/bits/stl_map.h:833:7: note: candidate: 'std::pair<typename std::_Rb_tree<_Key, std::pair<const _Key, _Val>, std::_Select1st<std::pair<const _Key, _Val> >, _Compare, typename __gnu_cxx::__alloc_traits<_Allocator>::rebind<std::pair<const _Key, _Val> >::other>::iterator, bool> std::map<_Key, _Tp, _Compare, _Alloc>::insert(const value_type&) [with _Key = int; _Tp = int; _Compare = std::less<int>; _Alloc = std::allocator<std::pair<const int, int> >; typename std::_Rb_tree<_Key, std::pair<const _Key, _Val>, std::_Select1st<std::pair<const _Key, _Val> >, _Compare, typename __gnu_cxx::__alloc_traits<_Allocator>::rebind<std::pair<const _Key, _Val> >::other>::iterator = std::_Rb_tree<int, std::pair<const int, int>, std::_Select1st<std::pair<const int, int> >, std::less<int>, std::allocator<std::pair<const int, int> > >::iterator; typename __gnu_cxx::__alloc_traits<_Allocator>::rebind<std::pair<const _Key, _Val> >::other = std::allocator<std::pair<const int, int> >; typename __gnu_cxx::__alloc_traits<_Allocator>::rebind<std::pair<const _Key, _Val> > = __gnu_cxx::__alloc_traits<std::allocator<std::pair<const int, int> >, std::pair<const int, int> >::rebind<std::pair<const int, int> >; typename _Allocator::value_type = std::pair<const int, int>; value_type = std::pair<const int, int>]' (near match)
  833 |       insert(const value_type& __x)
      |       ^~~~~~
/cvmfs/sft.cern.ch/lcg/releases/gcc/13.1.0-b3d18/x86_64-el9/include/c++/13.1.0/bits/stl_map.h:833:7: note:   passing 'const std::map<int, int>*' as 'this' argument discards qualifiers
/cvmfs/sft.cern.ch/lcg/releases/gcc/13.1.0-b3d18/x86_64-el9/include/c++/13.1.0/bits/stl_map.h:878:7: note: candidate: 'void std::map<_Key, _Tp, _Compare, _Alloc>::insert(std::initializer_list<std::pair<const _Key, _Val> >) [with _Key = int; _Tp = int; _Compare = std::less<int>; _Alloc = std::allocator<std::pair<const int, int> >]'
  878 |       insert(std::initializer_list<value_type> __list)
      |       ^~~~~~
/cvmfs/sft.cern.ch/lcg/releases/gcc/13.1.0-b3d18/x86_64-el9/include/c++/13.1.0/bits/stl_map.h:878:48: note:   no known conversion for argument 1 from '<brace-enclosed initializer list>' to 'std::initializer_list<std::pair<const int, int> >'
  878 |       insert(std::initializer_list<value_type> __list)
      |              ~~~~~~~~~~~~~~~~~~~~~~~~~~~~~~~~~~^~~~~~
/cvmfs/sft.cern.ch/lcg/releases/gcc/13.1.0-b3d18/x86_64-el9/include/c++/13.1.0/bits/stl_map.h:659:7: note: candidate: 'std::map<_Key, _Tp, _Compare, _Alloc>::insert_return_type std::map<_Key, _Tp, _Compare, _Alloc>::insert(node_type&&) [with _Key = int; _Tp = int; _Compare = std::less<int>; _Alloc = std::allocator<std::pair<const int, int> >; insert_return_type = std::_Rb_tree<int, std::pair<const int, int>, std::_Select1st<std::pair<const int, int> >, std::less<int>, std::allocator<std::pair<const int, int> > >::insert_return_type; node_type = std::_Rb_tree<int, std::pair<const int, int>, std::_Select1st<std::pair<const int, int> >, std::less<int>, std::allocator<std::pair<const int, int> > >::node_type]'
  659 |       insert(node_type&& __nh)
      |       ^~~~~~
/cvmfs/sft.cern.ch/lcg/releases/gcc/13.1.0-b3d18/x86_64-el9/include/c++/13.1.0/bits/stl_map.h:659:26: note:   no known conversion for argument 1 from '<brace-enclosed initializer list>' to 'std::map<int, int>::node_type&&' {aka 'std::_Rb_tree<int, std::pair<const int, int>, std::_Select1st<std::pair<const int, int> >, std::less<int>, std::allocator<std::pair<const int, int> > >::node_type&&'}
  659 |       insert(node_type&& __nh)
      |              ~~~~~~~~~~~~^~~~
/cvmfs/sft.cern.ch/lcg/releases/gcc/13.1.0-b3d18/x86_64-el9/include/c++/13.1.0/bits/stl_map.h:941:9: note: candidate: 'template<class _InputIterator> void std::map<_Key, _Tp, _Compare, _Alloc>::insert(_InputIterator, _InputIterator) [with _Key = int; _Tp = int; _Compare = std::less<int>; _Alloc = std::allocator<std::pair<const int, int> >]'
  941 |         insert(_InputIterator __first, _InputIterator __last)
      |         ^~~~~~
/cvmfs/sft.cern.ch/lcg/releases/gcc/13.1.0-b3d18/x86_64-el9/include/c++/13.1.0/bits/stl_map.h:941:9: note:   template argument deduction/substitution failed:
/home/ppd/jasper/QT/acts/Examples/Algorithms/TrackFinding/src/GbtsSeedingAlgorithm.cpp:351:24: note:   candidate expects 2 arguments, 1 provided
  351 |       LayeridMap.insert({combined_id, LayerID}); //every unique Logical Layer is given a layer ID
      |       ~~~~~~~~~~~~~~~~~^~~~~~~~~~~~~~~~~~~~~~~~
/cvmfs/sft.cern.ch/lcg/releases/gcc/13.1.0-b3d18/x86_64-el9/include/c++/13.1.0/bits/stl_map.h:923:9: note: candidate: 'template<class _Pair> std::__enable_if_t<std::is_constructible<std::pair<const _Key, _Val>, _Pair>::value, typename std::_Rb_tree<_Key, std::pair<const _Key, _Val>, std::_Select1st<std::pair<const _Key, _Val> >, _Compare, typename __gnu_cxx::__alloc_traits<_Allocator>::rebind<std::pair<const _Key, _Val> >::other>::iterator> std::map<_Key, _Tp, _Compare, _Alloc>::insert(const_iterator, _Pair&&) [with _Key = int; _Tp = int; _Compare = std::less<int>; _Alloc = std::allocator<std::pair<const int, int> >]'
  923 |         insert(const_iterator __position, _Pair&& __x)
      |         ^~~~~~
/cvmfs/sft.cern.ch/lcg/releases/gcc/13.1.0-b3d18/x86_64-el9/include/c++/13.1.0/bits/stl_map.h:923:9: note:   template argument deduction/substitution failed:
/home/ppd/jasper/QT/acts/Examples/Algorithms/TrackFinding/src/GbtsSeedingAlgorithm.cpp:351:24: note:   candidate expects 2 arguments, 1 provided
  351 |       LayeridMap.insert({combined_id, LayerID}); //every unique Logical Layer is given a layer ID
      |       ~~~~~~~~~~~~~~~~~^~~~~~~~~~~~~~~~~~~~~~~~
/cvmfs/sft.cern.ch/lcg/releases/gcc/13.1.0-b3d18/x86_64-el9/include/c++/13.1.0/bits/stl_map.h:846:9: note: candidate: 'template<class _Pair> std::__enable_if_t<std::is_constructible<std::pair<const _Key, _Val>, _Pair>::value, std::pair<typename std::_Rb_tree<_Key, std::pair<const _Key, _Val>, std::_Select1st<std::pair<const _Key, _Val> >, _Compare, typename __gnu_cxx::__alloc_traits<_Allocator>::rebind<std::pair<const _Key, _Val> >::other>::iterator, bool> > std::map<_Key, _Tp, _Compare, _Alloc>::insert(_Pair&&) [with _Key = int; _Tp = int; _Compare = std::less<int>; _Alloc = std::allocator<std::pair<const int, int> >]'
  846 |         insert(_Pair&& __x)
      |         ^~~~~~
/cvmfs/sft.cern.ch/lcg/releases/gcc/13.1.0-b3d18/x86_64-el9/include/c++/13.1.0/bits/stl_map.h:846:9: note:   template argument deduction/substitution failed:
/home/ppd/jasper/QT/acts/Examples/Algorithms/TrackFinding/src/GbtsSeedingAlgorithm.cpp:351:24: note:   couldn't deduce template parameter '_Pair'
  351 |       LayeridMap.insert({combined_id, LayerID}); //every unique Logical Layer is given a layer ID
      |       ~~~~~~~~~~~~~~~~~^~~~~~~~~~~~~~~~~~~~~~~~
/cvmfs/sft.cern.ch/lcg/releases/gcc/13.1.0-b3d18/x86_64-el9/include/c++/13.1.0/bits/stl_map.h:664:7: note: candidate: 'std::map<_Key, _Tp, _Compare, _Alloc>::iterator std::map<_Key, _Tp, _Compare, _Alloc>::insert(const_iterator, node_type&&) [with _Key = int; _Tp = int; _Compare = std::less<int>; _Alloc = std::allocator<std::pair<const int, int> >; iterator = std::_Rb_tree<int, std::pair<const int, int>, std::_Select1st<std::pair<const int, int> >, std::less<int>, std::allocator<std::pair<const int, int> > >::iterator; const_iterator = std::_Rb_tree<int, std::pair<const int, int>, std::_Select1st<std::pair<const int, int> >, std::less<int>, std::allocator<std::pair<const int, int> > >::const_iterator; node_type = std::_Rb_tree<int, std::pair<const int, int>, std::_Select1st<std::pair<const int, int> >, std::less<int>, std::allocator<std::pair<const int, int> > >::node_type]'
  664 |       insert(const_iterator __hint, node_type&& __nh)
      |       ^~~~~~
/cvmfs/sft.cern.ch/lcg/releases/gcc/13.1.0-b3d18/x86_64-el9/include/c++/13.1.0/bits/stl_map.h:664:7: note:   candidate expects 2 arguments, 1 provided
/cvmfs/sft.cern.ch/lcg/releases/gcc/13.1.0-b3d18/x86_64-el9/include/c++/13.1.0/bits/stl_map.h:908:7: note: candidate: 'std::map<_Key, _Tp, _Compare, _Alloc>::iterator std::map<_Key, _Tp, _Compare, _Alloc>::insert(const_iterator, const value_type&) [with _Key = int; _Tp = int; _Compare = std::less<int>; _Alloc = std::allocator<std::pair<const int, int> >; iterator = std::_Rb_tree<int, std::pair<const int, int>, std::_Select1st<std::pair<const int, int> >, std::less<int>, std::allocator<std::pair<const int, int> > >::iterator; const_iterator = std::_Rb_tree<int, std::pair<const int, int>, std::_Select1st<std::pair<const int, int> >, std::less<int>, std::allocator<std::pair<const int, int> > >::const_iterator; value_type = std::pair<const int, int>]'
  908 |       insert(const_iterator __position, const value_type& __x)
      |       ^~~~~~
/cvmfs/sft.cern.ch/lcg/releases/gcc/13.1.0-b3d18/x86_64-el9/include/c++/13.1.0/bits/stl_map.h:908:7: note:   candidate expects 2 arguments, 1 provided
/cvmfs/sft.cern.ch/lcg/releases/gcc/13.1.0-b3d18/x86_64-el9/include/c++/13.1.0/bits/stl_map.h:918:7: note: candidate: 'std::map<_Key, _Tp, _Compare, _Alloc>::iterator std::map<_Key, _Tp, _Compare, _Alloc>::insert(const_iterator, value_type&&) [with _Key = int; _Tp = int; _Compare = std::less<int>; _Alloc = std::allocator<std::pair<const int, int> >; iterator = std::_Rb_tree<int, std::pair<const int, int>, std::_Select1st<std::pair<const int, int> >, std::less<int>, std::allocator<std::pair<const int, int> > >::iterator; const_iterator = std::_Rb_tree<int, std::pair<const int, int>, std::_Select1st<std::pair<const int, int> >, std::less<int>, std::allocator<std::pair<const int, int> > >::const_iterator; value_type = std::pair<const int, int>]'
  918 |       insert(const_iterator __position, value_type&& __x)
      |       ^~~~~~
/cvmfs/sft.cern.ch/lcg/releases/gcc/13.1.0-b3d18/x86_64-el9/include/c++/13.1.0/bits/stl_map.h:918:7: note:   candidate expects 2 arguments, 1 provided
/home/ppd/jasper/QT/acts/Examples/Algorithms/TrackFinding/src/GbtsSeedingAlgorithm.cpp:352:24: error: passing 'const std::vector<int>' as 'this' argument discards qualifiers [-fpermissive]
  352 |       GbtsIDs.push_back(combined_id);
      |       ~~~~~~~~~~~~~~~~~^~~~~~~~~~~~~
In file included from /cvmfs/sft.cern.ch/lcg/releases/gcc/13.1.0-b3d18/x86_64-el9/include/c++/13.1.0/vector:66,
                 from /cvmfs/sft.cern.ch/lcg/releases/gcc/13.1.0-b3d18/x86_64-el9/include/c++/13.1.0/functional:64,
                 from /cvmfs/sft.cern.ch/lcg/views/LCG_107a_ATLAS_3/x86_64-el9-gcc13-opt/include/eigen3/Eigen/Core:85,
                 from /home/ppd/jasper/QT/acts/Core/include/Acts/Definitions/Algebra.hpp:18,
                 from /home/ppd/jasper/QT/acts/Core/include/Acts/Seeding/SeedFinderGbtsConfig.hpp:13:
/cvmfs/sft.cern.ch/lcg/releases/gcc/13.1.0-b3d18/x86_64-el9/include/c++/13.1.0/bits/stl_vector.h:1276:7: note:   in call to 'constexpr void std::vector<_Tp, _Alloc>::push_back(const value_type&) [with _Tp = int; _Alloc = std::allocator<int>; value_type = int]'
 1276 |       push_back(const value_type& __x)
      |       ^~~~~~~~~
/home/ppd/jasper/QT/acts/Examples/Algorithms/TrackFinding/src/GbtsSeedingAlgorithm.cpp: In member function 'std::vector<Acts::Experimental::TrigInDetSiLayer> ActsExamples::GbtsSeedingAlgorithm::LayerNumbering() const':
/home/ppd/jasper/QT/acts/Examples/Algorithms/TrackFinding/src/GbtsSeedingAlgorithm.cpp:371:21: warning: comparison of integer expressions of different signedness: 'int' and 'std::map<int, int>::size_type' {aka 'long unsigned int'} [-Wsign-compare]
  371 |   for (int i = 0; i < LayeridMap.size(); i++){
      |                   ~~^~~~~~~~~~~~~~~~~~~
gmake[2]: *** [Examples/Algorithms/TrackFinding/CMakeFiles/ActsExamplesTrackFinding.dir/build.make:188: Examples/Algorithms/TrackFinding/CMakeFiles/ActsExamplesTrackFinding.dir/src/GbtsSeedingAlgorithm.cpp.o] Error 1
gmake[1]: *** [CMakeFiles/Makefile2:1711: Examples/Algorithms/TrackFinding/CMakeFiles/ActsExamplesTrackFinding.dir/all] Error 2
gmake[1]: *** Waiting for unfinished jobs....
[ 83%] Building CXX object Examples/Detectors/TGeoDetector/CMakeFiles/ActsExamplesDetectorTGeo.dir/src/TGeoITkModuleSplitter.cpp.o
[ 86%] Linking CXX shared library ../../../lib64/libActsExamplesGeneratorsPythia8.so
[ 86%] Built target ActsExamplesGeneratorsPythia8
[ 86%] Linking CXX shared library ../../../lib64/libActsExamplesVertexing.so
[ 86%] Linking CXX shared library ../../../lib64/libActsExamplesDetectorTGeo.so
[ 86%] Built target ActsExamplesVertexing
[ 86%] Built target ActsExamplesDetectorTGeo
gmake: *** [Makefile:136: all] Error 2
