14:26:30    buildITkGeom   INFO      Adding material from /opt/ppd/scratch-2022/japresto/acts/acts-itk/itk-hgtd/material-maps-ITk-HGTD.json
Info in <TGeoManager::Import>: Reading geometry from file: acts-itk/itk-hgtd/ATLAS-ITk-HGTD.tgeo.root
Info in <TGeoManager::CloseGeometry>: Geometry loaded from file...
Info in <TGeoManager::SetTopVolume>: Top volume is BeamPipe__World. Master volume is BeamPipe__World
Info in <TGeoNavigator::BuildCache>: --- Maximum geometry depth set to 100
Info in <TGeoManager::CloseGeometry>: Voxelization retrieved from file
Info in <TGeoManager::CountLevels>: max level = 9, max placements = 46975
Info in <TGeoManager::CloseGeometry>: 233079 nodes/ 703 volume UID's in Geometry imported from GDML
Info in <TGeoManager::CloseGeometry>: ----------------modeler ready----------------
Warning in <TGeoMatrix::dtor>: Registered matrix ITkPixel__ITkPixelDetectorID was removed
Warning in <TGeoMatrix::dtor>: Registered matrix ITkPixel__ITkPixelDetectorID was removed
Warning in <TGeoMatrix::dtor>: Registered matrix ITkPixel__ITkPixelDetectorID was removed
Warning in <TGeoMatrix::dtor>: Registered matrix ITkPixel__ITkPixelDetectorID was removed
Warning in <TGeoMatrix::dtor>: Registered matrix ITkPixel__ITkPixelDetectorID was removed
Warning in <TGeoMatrix::dtor>: Registered matrix ITkPixel__ITkPixelDetectorID was removed
Warning in <TGeoMatrix::dtor>: Registered matrix ITkStrip__ITkStripID was removed
Warning in <TGeoMatrix::dtor>: Registered matrix ITkStrip__ITkStripID was removed
Warning in <TGeoMatrix::dtor>: Registered matrix ITkStrip__ITkStripID was removed
Warning in <TGeoMatrix::dtor>: Registered matrix HGTD__HGTDID was removed
Warning in <TGeoMatrix::dtor>: Registered matrix HGTD__HGTDID was removed
14:26:48    Sequencer      INFO      Create Sequencer (single-threaded)
14:26:48    Sequencer      INFO      Add Reader 'EventGenerator'
14:26:48    Sequencer      INFO      -> OutputEvent 'particle_gun_event':
14:26:48    Sequencer      INFO         shared_ptr<HepMC3::GenEvent>
14:26:48    Sequencer      INFO      Add Algorithm 'HepMC3InputConverter'
14:26:48    Sequencer      INFO      <- InputEvent 'particle_gun_event':
14:26:48    Sequencer      INFO         shared_ptr<HepMC3::GenEvent>
14:26:48    Sequencer      INFO      -> OutputParticles 'particles_generated':
14:26:48    Sequencer      INFO         flat_set<SimParticle, detail::CompareParticleId, void>
14:26:48    Sequencer      INFO      -> OutputVertices 'vertices_generated':
14:26:48    Sequencer      INFO         flat_set<SimVertex, detail::CompareVertexId, void>
14:26:48    Sequencer      INFO      Key 'particles_generated' aliased to 'particles'
14:26:48    Sequencer      INFO      Key 'vertices_generated' aliased to 'vertices_truth'
14:26:48    Sequencer      INFO      Key 'particles_generated' aliased to 'particles_generated_selected'
14:26:48    Sequencer      INFO      Add Algorithm 'FatrasSimulation'
14:26:48    Sequencer      INFO      <- InputParticles 'particles_generated_selected':
14:26:48    Sequencer      INFO         flat_set<SimParticle, detail::CompareParticleId, void>
14:26:48    Sequencer      INFO      -> OutputSimHits 'simhits':
14:26:48    Sequencer      INFO         flat_multiset<Hit, detail::CompareGeometryId, void>
14:26:48    Sequencer      INFO      -> OutputParticles 'particles_simulated':
14:26:48    Sequencer      INFO         flat_set<SimParticle, detail::CompareParticleId, void>
14:26:48    Sequencer      INFO      Key 'particles_simulated' aliased to 'particles'
14:26:48    Sequencer      INFO      Key 'particles_simulated' aliased to 'particles_simulated_selected'
14:26:48    Sequencer      INFO      Add Writer 'RootParticleWriter'
14:26:48    Sequencer      INFO      <- InputHandle 'particles_simulated':
14:26:48    Sequencer      INFO         flat_set<SimParticle, detail::CompareParticleId, void>
14:26:48    Sequencer      INFO      Add Writer 'RootSimHitWriter'
14:26:48    Sequencer      INFO      <- InputHandle 'simhits':
14:26:48    Sequencer      INFO         flat_multiset<Hit, detail::CompareGeometryId, void>
14:26:48    Sequencer      INFO      Add Algorithm 'DigitizationAlgorithm'
14:26:48    Sequencer      INFO      <- InputHits 'simhits':
14:26:48    Sequencer      INFO         flat_multiset<Hit, detail::CompareGeometryId, void>
14:26:48    Sequencer      INFO      -> OutputMeasurements 'measurements':
14:26:48    Sequencer      INFO         MeasurementContainer
14:26:48    Sequencer      INFO      -> OutputClusters 'clusters':
14:26:48    Sequencer      INFO         vector<Cluster>
14:26:48    Sequencer      INFO      -> OutputMeasurementParticlesMap 'measurement_particles_map':
14:26:48    Sequencer      INFO         flat_multimap<unsigned int, Barcode, less<unsigned int>, void>
14:26:48    Sequencer      INFO      -> OutputMeasurementSimHitsMap 'measurement_simhits_map':
14:26:48    Sequencer      INFO         flat_multimap<unsigned int, unsigned int, less<unsigned int>, void>
14:26:48    Sequencer      INFO      -> OutputParticleMeasurementsMap 'particle_measurements_map':
14:26:48    Sequencer      INFO         flat_multimap<Barcode, unsigned int, less<Barcode>, void>
14:26:48    Sequencer      INFO      -> OutputSimHitMeasurementsMap 'simhit_measurements_map':
14:26:48    Sequencer      INFO         flat_multimap<unsigned int, unsigned int, less<unsigned int>, void>
14:26:48    Sequencer      INFO      Add Writer 'RootMeasurementWriter'
14:26:48    Sequencer      INFO      <- InputHandle 'measurements':
14:26:48    Sequencer      INFO         MeasurementContainer
14:26:48    Sequencer      INFO      <- InputClusters 'clusters':
14:26:48    Sequencer      INFO         vector<Cluster>
14:26:48    Sequencer      INFO      <- InputSimHits 'simhits':
14:26:48    Sequencer      INFO         flat_multiset<Hit, detail::CompareGeometryId, void>
14:26:48    Sequencer      INFO      <- InputMeasurementSimHitsMap 'measurement_simhits_map':
14:26:48    Sequencer      INFO         flat_multimap<unsigned int, unsigned int, less<unsigned int>, void>
14:26:48    Sequencer      INFO      Add Algorithm 'ParticleSelector'
14:26:48    Sequencer      INFO      <- InputParticles 'particles_simulated_selected':
14:26:48    Sequencer      INFO         flat_set<SimParticle, detail::CompareParticleId, void>
14:26:48    Sequencer      INFO      <- InputParticleMeasurementsMap 'particle_measurements_map':
14:26:48    Sequencer      INFO         flat_multimap<Barcode, unsigned int, less<Barcode>, void>
14:26:48    Sequencer      INFO      <- InputMeasurements 'measurements':
14:26:48    Sequencer      INFO         MeasurementContainer
14:26:48    Sequencer      INFO      -> OutputParticles 'tmp_particles_digitized_selected':
14:26:48    Sequencer      INFO         flat_set<SimParticle, detail::CompareParticleId, void>
14:26:48    Sequencer      INFO      Key 'tmp_particles_digitized_selected' aliased to 'particles_selected'
14:26:48    Sequencer      INFO      Key 'tmp_particles_digitized_selected' aliased to 'particles_digitized_selected'
14:26:48    SpacePointMa   INFO      Space point geometry selection:
14:26:48    SpacePointMa   INFO        vol=8
14:26:48    SpacePointMa   INFO        vol=9
14:26:48    SpacePointMa   INFO        vol=10
14:26:48    SpacePointMa   INFO        vol=13
14:26:48    SpacePointMa   INFO        vol=14
14:26:48    SpacePointMa   INFO        vol=15
14:26:48    SpacePointMa   INFO        vol=16
14:26:48    SpacePointMa   INFO        vol=18
14:26:48    SpacePointMa   INFO        vol=19
14:26:48    SpacePointMa   INFO        vol=20
14:26:48    Sequencer      INFO      Add Algorithm 'SpacePointMaker'
14:26:48    Sequencer      INFO      <- InputMeasurements 'measurements':
14:26:48    Sequencer      INFO         MeasurementContainer
14:26:48    Sequencer      INFO      -> OutputSpacePoints 'spacepoints':
14:26:48    Sequencer      INFO         vector<SimSpacePoint>
14:26:48    addSeeding     INFO      Using Gbts seeding
Jasper: combined IDs: 0
Jasper: combined IDs: 72022
Jasper: combined IDs: 72021
Jasper: combined IDs: 72020
Jasper: combined IDs: 72019
Jasper: combined IDs: 71005
Jasper: combined IDs: 72018
Jasper: combined IDs: 71004
Jasper: combined IDs: 72017
Jasper: combined IDs: 71003
Jasper: combined IDs: 72016
Jasper: combined IDs: 71002
Jasper: combined IDs: 72015
Jasper: combined IDs: 71001
Jasper: combined IDs: 70014
Jasper: combined IDs: 72014
Jasper: combined IDs: 71000
Jasper: combined IDs: 70013
Jasper: combined IDs: 72013
Jasper: combined IDs: 70012
Jasper: combined IDs: 72012
Jasper: combined IDs: 70011
Jasper: combined IDs: 72011
Jasper: combined IDs: 70010
Jasper: combined IDs: 72010
Jasper: combined IDs: 70009
Jasper: combined IDs: 72009
Jasper: combined IDs: 70008
Jasper: combined IDs: 72008
Jasper: combined IDs: 70007
Jasper: combined IDs: 72007
Jasper: combined IDs: 70006
Jasper: combined IDs: 72006
Jasper: combined IDs: 70005
Jasper: combined IDs: 72005
Jasper: combined IDs: 70004
Jasper: combined IDs: 72004
Jasper: combined IDs: 70003
Jasper: combined IDs: 72003
Jasper: combined IDs: 70002
Jasper: combined IDs: 72002
Jasper: combined IDs: 70001
Jasper: combined IDs: 72001
Jasper: combined IDs: 70000
Jasper: combined IDs: 72000
Jasper: combined IDs: 80000
Jasper: combined IDs: 81000
Jasper: combined IDs: 90000
Jasper: combined IDs: 92000
Jasper: combined IDs: 90001
Jasper: combined IDs: 92001
Jasper: combined IDs: 90002
Jasper: combined IDs: 92002
Jasper: combined IDs: 90003
Jasper: combined IDs: 92003
Jasper: combined IDs: 90004
Jasper: combined IDs: 92004
Jasper: combined IDs: 90005
Jasper: combined IDs: 92005
Jasper: combined IDs: 90006
Jasper: combined IDs: 92006
Jasper: combined IDs: 90007
Jasper: combined IDs: 92007
Jasper: combined IDs: 90008
Jasper: combined IDs: 92008
Jasper: combined IDs: 90009
Jasper: combined IDs: 92009
Jasper: combined IDs: 90010
Jasper: combined IDs: 92010
Jasper: combined IDs: 90011
Jasper: combined IDs: 92011
Jasper: combined IDs: 90012
Jasper: combined IDs: 92012
Jasper: combined IDs: 90013
Jasper: combined IDs: 92013
Jasper: combined IDs: 91000
Jasper: combined IDs: 90014
Jasper: combined IDs: 92014
Jasper: combined IDs: 91001
Jasper: combined IDs: 92015
Jasper: combined IDs: 91002
Jasper: combined IDs: 92016
Jasper: combined IDs: 91003
Jasper: combined IDs: 92017
Jasper: combined IDs: 91004
Jasper: combined IDs: 92018
Jasper: combined IDs: 91005
Jasper: combined IDs: 92019
Jasper: combined IDs: 92020
Jasper: combined IDs: 92021
Jasper: combined IDs: 92022
Jasper: combined IDs: 74010
Jasper: combined IDs: 74009
Jasper: combined IDs: 74008
Jasper: combined IDs: 74007
Jasper: combined IDs: 74006
Jasper: combined IDs: 74005
Jasper: combined IDs: 74004
Jasper: combined IDs: 74003
Jasper: combined IDs: 74002
Jasper: combined IDs: 74001
Jasper: combined IDs: 74000
Jasper: combined IDs: 73005
Jasper: combined IDs: 73004
Jasper: combined IDs: 73003
Jasper: combined IDs: 73002
Jasper: combined IDs: 73001
Jasper: combined IDs: 73000
Jasper: combined IDs: 76007
Jasper: combined IDs: 76006
Jasper: combined IDs: 76005
Jasper: combined IDs: 76004
Jasper: combined IDs: 76003
Jasper: combined IDs: 76002
Jasper: combined IDs: 76001
Jasper: combined IDs: 76000
Jasper: combined IDs: 75007
Jasper: combined IDs: 75006
Jasper: combined IDs: 75005
Jasper: combined IDs: 75004
Jasper: combined IDs: 75003
Jasper: combined IDs: 75002
Jasper: combined IDs: 75001
Jasper: combined IDs: 75000
Jasper: combined IDs: 83000
Jasper: combined IDs: 78008
Jasper: combined IDs: 78007
Jasper: combined IDs: 78006
Jasper: combined IDs: 78005
Jasper: combined IDs: 78004
Jasper: combined IDs: 78003
Jasper: combined IDs: 78002
Jasper: combined IDs: 78001
Jasper: combined IDs: 78000
Jasper: combined IDs: 77008
Jasper: combined IDs: 77007
Jasper: combined IDs: 77006
Jasper: combined IDs: 77005
Jasper: combined IDs: 77004
Jasper: combined IDs: 77003
Jasper: combined IDs: 77002
Jasper: combined IDs: 77001
Jasper: combined IDs: 77000
Jasper: combined IDs: 84000
Jasper: combined IDs: 82000
Jasper: combined IDs: 93000
Jasper: combined IDs: 93001
Jasper: combined IDs: 93002
Jasper: combined IDs: 93003
Jasper: combined IDs: 93004
Jasper: combined IDs: 93005
Jasper: combined IDs: 94000
Jasper: combined IDs: 94001
Jasper: combined IDs: 94002
Jasper: combined IDs: 94003
Jasper: combined IDs: 94004
Jasper: combined IDs: 94005
Jasper: combined IDs: 94006
Jasper: combined IDs: 94007
Jasper: combined IDs: 94008
Jasper: combined IDs: 94009
Jasper: combined IDs: 94010
Jasper: combined IDs: 95000
Jasper: combined IDs: 95001
Jasper: combined IDs: 95002
Jasper: combined IDs: 95003
Jasper: combined IDs: 95004
Jasper: combined IDs: 95005
Jasper: combined IDs: 95006
Jasper: combined IDs: 95007
Jasper: combined IDs: 96000
Jasper: combined IDs: 96001
Jasper: combined IDs: 96002
Jasper: combined IDs: 96003
Jasper: combined IDs: 96004
Jasper: combined IDs: 96005
Jasper: combined IDs: 96006
Jasper: combined IDs: 96007
Jasper: combined IDs: 97000
Jasper: combined IDs: 97001
Jasper: combined IDs: 97002
Jasper: combined IDs: 97003
Jasper: combined IDs: 97004
Jasper: combined IDs: 97005
Jasper: combined IDs: 97006
Jasper: combined IDs: 97007
Jasper: combined IDs: 97008
Jasper: combined IDs: 98000
Jasper: combined IDs: 98001
Jasper: combined IDs: 98002
Jasper: combined IDs: 98003
Jasper: combined IDs: 98004
Jasper: combined IDs: 98005
Jasper: combined IDs: 98006
Jasper: combined IDs: 98007
Jasper: combined IDs: 98008
Jasper: /nlayer is :1with Gbts ID: 0
Jasper: /nlayer is :2with Gbts ID: 72022
Jasper: /nlayer is :3with Gbts ID: 72021
Jasper: /nlayer is :4with Gbts ID: 72020
Jasper: /nlayer is :5with Gbts ID: 72019
Jasper: /nlayer is :6with Gbts ID: 71005
Jasper: /nlayer is :7with Gbts ID: 72018
Jasper: /nlayer is :8with Gbts ID: 71004
Jasper: /nlayer is :9with Gbts ID: 72017
Jasper: /nlayer is :10with Gbts ID: 71003
Jasper: /nlayer is :11with Gbts ID: 72016
Jasper: /nlayer is :12with Gbts ID: 71002
Jasper: /nlayer is :13with Gbts ID: 72015
Jasper: /nlayer is :14with Gbts ID: 71001
Jasper: /nlayer is :15with Gbts ID: 70014
Jasper: /nlayer is :16with Gbts ID: 72014
Jasper: /nlayer is :17with Gbts ID: 71000
Jasper: /nlayer is :18with Gbts ID: 70013
Jasper: /nlayer is :19with Gbts ID: 72013
Jasper: /nlayer is :20with Gbts ID: 70012
Jasper: /nlayer is :21with Gbts ID: 72012
Jasper: /nlayer is :22with Gbts ID: 70011
Jasper: /nlayer is :23with Gbts ID: 72011
Jasper: /nlayer is :24with Gbts ID: 70010
Jasper: /nlayer is :25with Gbts ID: 72010
Jasper: /nlayer is :26with Gbts ID: 70009
Jasper: /nlayer is :27with Gbts ID: 72009
Jasper: /nlayer is :28with Gbts ID: 70008
Jasper: /nlayer is :29with Gbts ID: 72008
Jasper: /nlayer is :30with Gbts ID: 70007
Jasper: /nlayer is :31with Gbts ID: 72007
Jasper: /nlayer is :32with Gbts ID: 70006
Jasper: /nlayer is :33with Gbts ID: 72006
Jasper: /nlayer is :34with Gbts ID: 70005
Jasper: /nlayer is :35with Gbts ID: 72005
Jasper: /nlayer is :36with Gbts ID: 70004
Jasper: /nlayer is :37with Gbts ID: 72004
Jasper: /nlayer is :38with Gbts ID: 70003
Jasper: /nlayer is :39with Gbts ID: 72003
Jasper: /nlayer is :40with Gbts ID: 70002
Jasper: /nlayer is :41with Gbts ID: 72002
Jasper: /nlayer is :42with Gbts ID: 70001
Jasper: /nlayer is :43with Gbts ID: 72001
Jasper: /nlayer is :44with Gbts ID: 70000
Jasper: /nlayer is :45with Gbts ID: 72000
Jasper: /nlayer is :46with Gbts ID: 80000
Jasper: /nlayer is :47with Gbts ID: 81000
Jasper: /nlayer is :48with Gbts ID: 90000
Jasper: /nlayer is :49with Gbts ID: 92000
Jasper: /nlayer is :50with Gbts ID: 90001
Jasper: /nlayer is :51with Gbts ID: 92001
Jasper: /nlayer is :52with Gbts ID: 90002
Jasper: /nlayer is :53with Gbts ID: 92002
Jasper: /nlayer is :54with Gbts ID: 90003
Jasper: /nlayer is :55with Gbts ID: 92003
Jasper: /nlayer is :56with Gbts ID: 90004
Jasper: /nlayer is :57with Gbts ID: 92004
Jasper: /nlayer is :58with Gbts ID: 90005
Jasper: /nlayer is :59with Gbts ID: 92005
Jasper: /nlayer is :60with Gbts ID: 90006
Jasper: /nlayer is :61with Gbts ID: 92006
Jasper: /nlayer is :62with Gbts ID: 90007
Jasper: /nlayer is :63with Gbts ID: 92007
Jasper: /nlayer is :64with Gbts ID: 90008
Jasper: /nlayer is :65with Gbts ID: 92008
Jasper: /nlayer is :66with Gbts ID: 90009
Jasper: /nlayer is :67with Gbts ID: 92009
Jasper: /nlayer is :68with Gbts ID: 90010
Jasper: /nlayer is :69with Gbts ID: 92010
Jasper: /nlayer is :70with Gbts ID: 90011
Jasper: /nlayer is :71with Gbts ID: 92011
Jasper: /nlayer is :72with Gbts ID: 90012
Jasper: /nlayer is :73with Gbts ID: 92012
Jasper: /nlayer is :74with Gbts ID: 90013
Jasper: /nlayer is :75with Gbts ID: 92013
Jasper: /nlayer is :76with Gbts ID: 91000
Jasper: /nlayer is :77with Gbts ID: 90014
Jasper: /nlayer is :78with Gbts ID: 92014
Jasper: /nlayer is :79with Gbts ID: 91001
Jasper: /nlayer is :80with Gbts ID: 92015
Jasper: /nlayer is :81with Gbts ID: 91002
Jasper: /nlayer is :82with Gbts ID: 92016
Jasper: /nlayer is :83with Gbts ID: 91003
Jasper: /nlayer is :84with Gbts ID: 92017
Jasper: /nlayer is :85with Gbts ID: 91004
Jasper: /nlayer is :86with Gbts ID: 92018
Jasper: /nlayer is :87with Gbts ID: 91005
Jasper: /nlayer is :88with Gbts ID: 92019
Jasper: /nlayer is :89with Gbts ID: 92020
Jasper: /nlayer is :90with Gbts ID: 92021
Jasper: /nlayer is :91with Gbts ID: 92022
Jasper: /nlayer is :92with Gbts ID: 74010
Jasper: /nlayer is :93with Gbts ID: 74009
Jasper: /nlayer is :94with Gbts ID: 74008
Jasper: /nlayer is :95with Gbts ID: 74007
Jasper: /nlayer is :96with Gbts ID: 74006
Jasper: /nlayer is :97with Gbts ID: 74005
Jasper: /nlayer is :98with Gbts ID: 74004
Jasper: /nlayer is :99with Gbts ID: 74003
Jasper: /nlayer is :100with Gbts ID: 74002
Jasper: /nlayer is :101with Gbts ID: 74001
Jasper: /nlayer is :102with Gbts ID: 74000
Jasper: /nlayer is :103with Gbts ID: 73005
Jasper: /nlayer is :104with Gbts ID: 73004
Jasper: /nlayer is :105with Gbts ID: 73003
Jasper: /nlayer is :106with Gbts ID: 73002
Jasper: /nlayer is :107with Gbts ID: 73001
Jasper: /nlayer is :108with Gbts ID: 73000
Jasper: /nlayer is :109with Gbts ID: 76007
Jasper: /nlayer is :110with Gbts ID: 76006
Jasper: /nlayer is :111with Gbts ID: 76005
Jasper: /nlayer is :112with Gbts ID: 76004
Jasper: /nlayer is :113with Gbts ID: 76003
Jasper: /nlayer is :114with Gbts ID: 76002
Jasper: /nlayer is :115with Gbts ID: 76001
Jasper: /nlayer is :116with Gbts ID: 76000
Jasper: /nlayer is :117with Gbts ID: 75007
Jasper: /nlayer is :118with Gbts ID: 75006
Jasper: /nlayer is :119with Gbts ID: 75005
Jasper: /nlayer is :120with Gbts ID: 75004
Jasper: /nlayer is :121with Gbts ID: 75003
Jasper: /nlayer is :122with Gbts ID: 75002
Jasper: /nlayer is :123with Gbts ID: 75001
Jasper: /nlayer is :124with Gbts ID: 75000
Jasper: /nlayer is :125with Gbts ID: 83000
Jasper: /nlayer is :126with Gbts ID: 78008
Jasper: /nlayer is :127with Gbts ID: 78007
Jasper: /nlayer is :128with Gbts ID: 78006
Jasper: /nlayer is :129with Gbts ID: 78005
Jasper: /nlayer is :130with Gbts ID: 78004
Jasper: /nlayer is :131with Gbts ID: 78003
Jasper: /nlayer is :132with Gbts ID: 78002
Jasper: /nlayer is :133with Gbts ID: 78001
Jasper: /nlayer is :134with Gbts ID: 78000
Jasper: /nlayer is :135with Gbts ID: 77008
Jasper: /nlayer is :136with Gbts ID: 77007
Jasper: /nlayer is :137with Gbts ID: 77006
Jasper: /nlayer is :138with Gbts ID: 77005
Jasper: /nlayer is :139with Gbts ID: 77004
Jasper: /nlayer is :140with Gbts ID: 77003
Jasper: /nlayer is :141with Gbts ID: 77002
Jasper: /nlayer is :142with Gbts ID: 77001
Jasper: /nlayer is :143with Gbts ID: 77000
Jasper: /nlayer is :144with Gbts ID: 84000
Jasper: /nlayer is :145with Gbts ID: 82000
Jasper: /nlayer is :146with Gbts ID: 93000
Jasper: /nlayer is :147with Gbts ID: 93001
Jasper: /nlayer is :148with Gbts ID: 93002
Jasper: /nlayer is :149with Gbts ID: 93003
Jasper: /nlayer is :150with Gbts ID: 93004
Jasper: /nlayer is :151with Gbts ID: 93005
Jasper: /nlayer is :152with Gbts ID: 94000
Jasper: /nlayer is :153with Gbts ID: 94001
Jasper: /nlayer is :154with Gbts ID: 94002
Jasper: /nlayer is :155with Gbts ID: 94003
Jasper: /nlayer is :156with Gbts ID: 94004
Jasper: /nlayer is :157with Gbts ID: 94005
Jasper: /nlayer is :158with Gbts ID: 94006
Jasper: /nlayer is :159with Gbts ID: 94007
Jasper: /nlayer is :160with Gbts ID: 94008
Jasper: /nlayer is :161with Gbts ID: 94009
Jasper: /nlayer is :162with Gbts ID: 94010
Jasper: /nlayer is :163with Gbts ID: 95000
Jasper: /nlayer is :164with Gbts ID: 95001
Jasper: /nlayer is :165with Gbts ID: 95002
Jasper: /nlayer is :166with Gbts ID: 95003
Jasper: /nlayer is :167with Gbts ID: 95004
Jasper: /nlayer is :168with Gbts ID: 95005
Jasper: /nlayer is :169with Gbts ID: 95006
Jasper: /nlayer is :170with Gbts ID: 95007
Jasper: /nlayer is :171with Gbts ID: 96000
Jasper: /nlayer is :172with Gbts ID: 96001
Jasper: /nlayer is :173with Gbts ID: 96002
Jasper: /nlayer is :174with Gbts ID: 96003
Jasper: /nlayer is :175with Gbts ID: 96004
Jasper: /nlayer is :176with Gbts ID: 96005
Jasper: /nlayer is :177with Gbts ID: 96006
Jasper: /nlayer is :178with Gbts ID: 96007
Jasper: /nlayer is :179with Gbts ID: 97000
Jasper: /nlayer is :180with Gbts ID: 97001
Jasper: /nlayer is :181with Gbts ID: 97002
Jasper: /nlayer is :182with Gbts ID: 97003
Jasper: /nlayer is :183with Gbts ID: 97004
Jasper: /nlayer is :184with Gbts ID: 97005
Jasper: /nlayer is :185with Gbts ID: 97006
Jasper: /nlayer is :186with Gbts ID: 97007
Jasper: /nlayer is :187with Gbts ID: 97008
Jasper: /nlayer is :188with Gbts ID: 98000
Jasper: /nlayer is :189with Gbts ID: 98001
Jasper: /nlayer is :190with Gbts ID: 98002
Jasper: /nlayer is :191with Gbts ID: 98003
Jasper: /nlayer is :192with Gbts ID: 98004
Jasper: /nlayer is :193with Gbts ID: 98005
Jasper: /nlayer is :194with Gbts ID: 98006
Jasper: /nlayer is :195with Gbts ID: 98007
Jasper: /nlayer is :196with Gbts ID: 98008
14:26:48    Sequencer      INFO      Add Algorithm 'SeedingAlgorithm'
14:26:48    Sequencer      INFO      <- InputClusters 'clusters':
14:26:48    Sequencer      INFO         vector<Cluster>
14:26:48    Sequencer      INFO      <- InputSpacePoints#0 'spacepoints':
14:26:48    Sequencer      INFO         vector<SimSpacePoint>
14:26:48    Sequencer      INFO      -> OutputSeeds 'seeds':
14:26:48    Sequencer      INFO         vector<Seed<SimSpacePoint, 3ul>>
14:26:48    Sequencer      INFO      Add Algorithm 'TrackParamsEstimationAlgorithm'
14:26:48    Sequencer      INFO      <- InputSeeds 'seeds':
14:26:48    Sequencer      INFO         vector<Seed<SimSpacePoint, 3ul>>
14:26:48    Sequencer      INFO      -> OutputTrackParameters 'estimatedparameters':
14:26:48    Sequencer      INFO         vector<GenericBoundTrackParameters<ParticleHypothesis>>
14:26:48    Sequencer      INFO      -> OutputSeeds 'estimatedseeds':
14:26:48    Sequencer      INFO         vector<Seed<SimSpacePoint, 3ul>>
14:26:48    Sequencer      INFO      Add Algorithm 'SeedsToPrototracks'
14:26:48    Sequencer      INFO      <- InputSeeds 'seeds':
14:26:48    Sequencer      INFO         vector<Seed<SimSpacePoint, 3ul>>
14:26:48    Sequencer      INFO      -> OutputProtoTracks 'seed-prototracks':
14:26:48    Sequencer      INFO         vector<small_vector<unsigned int, 3ul, void, void>>
14:26:48    Sequencer      INFO      Add Algorithm 'PrototracksToTracks'
14:26:48    Sequencer      INFO      <- InputMeasurements 'measurements':
14:26:48    Sequencer      INFO         MeasurementContainer
14:26:48    Sequencer      INFO      <- InputTrackParameters 'estimatedparameters':
14:26:48    Sequencer      INFO         vector<GenericBoundTrackParameters<ParticleHypothesis>>
14:26:48    Sequencer      INFO      <- InputProtoTracks 'seed-prototracks':
14:26:48    Sequencer      INFO         vector<small_vector<unsigned int, 3ul, void, void>>
14:26:48    Sequencer      INFO      -> OutputTracks 'seed-tracks':
14:26:48    Sequencer      INFO            TrackContainer<ConstVectorTrackContainer, ConstVectorMultiTrajectory, shared_ptr>
14:26:48    Sequencer      INFO      Add Algorithm 'TrackTruthMatcher'
14:26:48    Sequencer      INFO      <- InputTracks 'seed-tracks':
14:26:48    Sequencer      INFO            TrackContainer<ConstVectorTrackContainer, ConstVectorMultiTrajectory, shared_ptr>
14:26:48    Sequencer      INFO      <- InputParticles 'particles_selected':
14:26:48    Sequencer      INFO         flat_set<SimParticle, detail::CompareParticleId, void>
14:26:48    Sequencer      INFO      <- InputMeasurementParticlesMap 'measurement_particles_map':
14:26:48    Sequencer      INFO         flat_multimap<unsigned int, Barcode, less<unsigned int>, void>
14:26:48    Sequencer      INFO      -> OutputTrackParticleMatching 'seed_particle_matching':
14:26:48    Sequencer      INFO            map<unsigned int, TrackMatchEntry, less<unsigned int>, allocator<pair<unsigned int const, TrackMatchEntry> > >
14:26:48    Sequencer      INFO      -> OutputParticleTrackMatching 'particle_seed_matching':
14:26:48    Sequencer      INFO            map<Barcode, ParticleMatchEntry, less<Barcode>, allocator<pair<Barcode const, ParticleMatchEntry> > >
14:26:48    Sequencer      INFO      Add Writer 'TrackFinderPerformanceWriter'
14:26:48    Sequencer      INFO      <- InputHandle 'seed-tracks':
14:26:48    Sequencer      INFO            TrackContainer<ConstVectorTrackContainer, ConstVectorMultiTrajectory, shared_ptr>
14:26:48    Sequencer      INFO      <- InputParticles 'particles_selected':
14:26:48    Sequencer      INFO         flat_set<SimParticle, detail::CompareParticleId, void>
14:26:48    Sequencer      INFO      <- InputTrackParticleMatching 'seed_particle_matching':
14:26:48    Sequencer      INFO            map<unsigned int, TrackMatchEntry, less<unsigned int>, allocator<pair<unsigned int const, TrackMatchEntry> > >
14:26:48    Sequencer      INFO      <- InputParticleTrackMatching 'particle_seed_matching':
14:26:48    Sequencer      INFO            map<Barcode, ParticleMatchEntry, less<Barcode>, allocator<pair<Barcode const, ParticleMatchEntry> > >
14:26:48    Sequencer      INFO      <- InputParticleMeasurementsMap 'particle_measurements_map':
14:26:48    Sequencer      INFO         flat_multimap<Barcode, unsigned int, less<Barcode>, void>
14:26:48    Sequencer      INFO      Add Writer 'RootTrackParameterWriter'
14:26:48    Sequencer      INFO      <- InputHandle 'estimatedparameters':
14:26:48    Sequencer      INFO         vector<GenericBoundTrackParameters<ParticleHypothesis>>
14:26:48    Sequencer      INFO      <- InputProtoTracks 'seed-prototracks':
14:26:48    Sequencer      INFO         vector<small_vector<unsigned int, 3ul, void, void>>
14:26:48    Sequencer      INFO      <- InputParticles 'particles':
14:26:48    Sequencer      INFO         flat_set<SimParticle, detail::CompareParticleId, void>
14:26:48    Sequencer      INFO      <- InputSimHits 'simhits':
14:26:48    Sequencer      INFO         flat_multiset<Hit, detail::CompareGeometryId, void>
14:26:48    Sequencer      INFO      <- InputMeasurementParticlesMap 'measurement_particles_map':
14:26:48    Sequencer      INFO         flat_multimap<unsigned int, Barcode, less<unsigned int>, void>
14:26:48    Sequencer      INFO      <- InputMeasurementSimHitsMap 'measurement_simhits_map':
14:26:48    Sequencer      INFO         flat_multimap<unsigned int, unsigned int, less<unsigned int>, void>
14:26:48    Sequencer      INFO      Add Algorithm 'TrackFindingAlgorithm'
14:26:48    Sequencer      INFO      <- InputMeasurements 'measurements':
14:26:48    Sequencer      INFO         MeasurementContainer
14:26:48    Sequencer      INFO      <- InputInitialTrackParameters 'estimatedparameters':
14:26:48    Sequencer      INFO         vector<GenericBoundTrackParameters<ParticleHypothesis>>
14:26:48    Sequencer      INFO      -> OutputTracks 'ckf_tracks':
14:26:48    Sequencer      INFO            TrackContainer<ConstVectorTrackContainer, ConstVectorMultiTrajectory, shared_ptr>
14:26:48    Sequencer      INFO      Key 'ckf_tracks' aliased to 'tracks'
14:26:48    Sequencer      INFO      Add Algorithm 'TrackTruthMatcher'
14:26:48    Sequencer      INFO      <- InputTracks 'ckf_tracks':
14:26:48    Sequencer      INFO            TrackContainer<ConstVectorTrackContainer, ConstVectorMultiTrajectory, shared_ptr>
14:26:48    Sequencer      INFO      <- InputParticles 'particles_selected':
14:26:48    Sequencer      INFO         flat_set<SimParticle, detail::CompareParticleId, void>
14:26:48    Sequencer      INFO      <- InputMeasurementParticlesMap 'measurement_particles_map':
14:26:48    Sequencer      INFO         flat_multimap<unsigned int, Barcode, less<unsigned int>, void>
14:26:48    Sequencer      INFO      -> OutputTrackParticleMatching 'ckf_track_particle_matching':
14:26:48    Sequencer      INFO            map<unsigned int, TrackMatchEntry, less<unsigned int>, allocator<pair<unsigned int const, TrackMatchEntry> > >
14:26:48    Sequencer      INFO      -> OutputParticleTrackMatching 'ckf_particle_track_matching':
14:26:48    Sequencer      INFO            map<Barcode, ParticleMatchEntry, less<Barcode>, allocator<pair<Barcode const, ParticleMatchEntry> > >
14:26:48    Sequencer      INFO      Key 'ckf_track_particle_matching' aliased to 'track_particle_matching'
14:26:48    Sequencer      INFO      Key 'ckf_particle_track_matching' aliased to 'particle_track_matching'
14:26:48    Sequencer      INFO      Add Writer 'RootTrackSummaryWriter'
14:26:48    Sequencer      INFO      <- InputHandle 'ckf_tracks':
14:26:48    Sequencer      INFO            TrackContainer<ConstVectorTrackContainer, ConstVectorMultiTrajectory, shared_ptr>
14:26:48    Sequencer      INFO      <- InputParticles 'particles_selected':
14:26:48    Sequencer      INFO         flat_set<SimParticle, detail::CompareParticleId, void>
14:26:48    Sequencer      INFO      <- InputTrackParticleMatching 'track_particle_matching':
14:26:48    Sequencer      INFO            map<unsigned int, TrackMatchEntry, less<unsigned int>, allocator<pair<unsigned int const, TrackMatchEntry> > >
14:26:48    Sequencer      INFO      Add Writer 'TrackFitterPerformanceWriter'
14:26:48    Sequencer      INFO      <- InputHandle 'ckf_tracks':
14:26:48    Sequencer      INFO            TrackContainer<ConstVectorTrackContainer, ConstVectorMultiTrajectory, shared_ptr>
14:26:48    Sequencer      INFO      <- InputParticles 'particles_selected':
14:26:48    Sequencer      INFO         flat_set<SimParticle, detail::CompareParticleId, void>
14:26:48    Sequencer      INFO      <- InputTrackParticleMatching 'track_particle_matching':
14:26:48    Sequencer      INFO            map<unsigned int, TrackMatchEntry, less<unsigned int>, allocator<pair<unsigned int const, TrackMatchEntry> > >
14:26:48    Sequencer      INFO      Add Writer 'TrackFinderPerformanceWriter'
14:26:48    Sequencer      INFO      <- InputHandle 'ckf_tracks':
14:26:48    Sequencer      INFO            TrackContainer<ConstVectorTrackContainer, ConstVectorMultiTrajectory, shared_ptr>
14:26:48    Sequencer      INFO      <- InputParticles 'particles_selected':
14:26:48    Sequencer      INFO         flat_set<SimParticle, detail::CompareParticleId, void>
14:26:48    Sequencer      INFO      <- InputTrackParticleMatching 'track_particle_matching':
14:26:48    Sequencer      INFO            map<unsigned int, TrackMatchEntry, less<unsigned int>, allocator<pair<unsigned int const, TrackMatchEntry> > >
14:26:48    Sequencer      INFO      <- InputParticleTrackMatching 'particle_track_matching':
14:26:48    Sequencer      INFO            map<Barcode, ParticleMatchEntry, less<Barcode>, allocator<pair<Barcode const, ParticleMatchEntry> > >
14:26:48    Sequencer      INFO      <- InputParticleMeasurementsMap 'particle_measurements_map':
14:26:48    Sequencer      INFO         flat_multimap<Barcode, unsigned int, less<Barcode>, void>
14:26:48    Sequencer      INFO      Processing events [0, 1)
14:26:48    Sequencer      INFO      Starting event loop with 1 threads
14:26:48    Sequencer      INFO        0 context decorators
14:26:48    Sequencer      INFO        21 sequence elements
14:26:48    Sequencer      INFO        1 readers
14:26:48    Sequencer      INFO        12 algorithms
14:26:48    Sequencer      INFO        8 writers
Jasper /nnode x is: -68.1961/nnode y is: -86.2521/nnode z is: -1907/nnode r is: 109.955/nnode phi is: -2.23982/nnode node layer is: 5/n
Jasper /nnode x is: -61.501/nnode y is: -77.734/nnode z is: -1719/nnode r is: 99.1208/nnode phi is: -2.24013/nnode node layer is: 7/n
Jasper /nnode x is: -55.4921/nnode y is: -70.1145/nnode z is: -1551/nnode r is: 89.4171/nnode phi is: -2.2403/nnode node layer is: 9/n
Jasper /nnode x is: -50.1855/nnode y is: -63.3007/nnode z is: -1401/nnode r is: 80.781/nnode phi is: -2.24114/nnode node layer is: 11/n
Jasper /nnode x is: -44.0915/nnode y is: -55.59/nnode z is: -1231/nnode r is: 70.9529/nnode phi is: -2.24135/nnode node layer is: 14/n
Jasper /nnode x is: -39.5712/nnode y is: -49.8782/nnode z is: -1105/nnode r is: 63.6688/nnode phi is: -2.24147/nnode node layer is: 17/n
Jasper /nnode x is: -39.4399/nnode y is: -49.7118/nnode z is: -1101/nnode r is: 63.4568/nnode phi is: -2.24148/nnode node layer is: 17/n
Jasper /nnode x is: -29.9904/nnode y is: -37.7508/nnode z is: -837/nnode r is: 48.2135/nnode phi is: -2.24213/nnode node layer is: 22/n
Jasper /nnode x is: -29.8406/nnode y is: -37.5973/nnode z is: -833/nnode r is: 48.0002/nnode phi is: -2.24168/nnode node layer is: 22/n
Jasper /nnode x is: -26.9035/nnode y is: -33.8561/nnode z is: -751/nnode r is: 43.2439/nnode phi is: -2.24226/nnode node layer is: 24/n
Jasper /nnode x is: -26.7727/nnode y is: -33.6877/nnode z is: -747/nnode r is: 43.0307/nnode phi is: -2.24232/nnode node layer is: 24/n
Jasper /nnode x is: -24.246/nnode y is: -30.556/nnode z is: -677/nnode r is: 39.0069/nnode phi is: -2.24156/nnode node layer is: 26/n
Jasper /nnode x is: -24.1164/nnode y is: -30.3662/nnode z is: -673/nnode r is: 38.7776/nnode phi is: -2.24198/nnode node layer is: 26/n
Jasper /nnode x is: -21.7125/nnode y is: -27.3227/nnode z is: -606/nnode r is: 34.8993/nnode phi is: -2.24228/nnode node layer is: 28/n
Jasper /nnode x is: -21.5445/nnode y is: -27.1426/nnode z is: -602/nnode r is: 34.6538/nnode phi is: -2.24172/nnode node layer is: 28/n
Jasper /nnode x is: -19.1435/nnode y is: -28.9515/nnode z is: 324/nnode r is: 34.7082/nnode phi is: -2.15502/nnode node layer is: 52/n
Jasper /nnode x is: -21.154/nnode y is: -32.1013/nnode z is: 359/nnode r is: 38.4446/nnode phi is: -2.15346/nnode node layer is: 54/n
Jasper /nnode x is: -23.4349/nnode y is: -35.6671/nnode z is: 398/nnode r is: 42.6771/nnode phi is: -2.15211/nnode node layer is: 56/n
Jasper /nnode x is: -25.7832/nnode y is: -39.3373/nnode z is: 439/nnode r is: 47.034/nnode phi is: -2.15099/nnode node layer is: 58/n
Jasper /nnode x is: -28.6317/nnode y is: -43.7991/nnode z is: 488/nnode r is: 52.3272/nnode phi is: -2.14977/nnode node layer is: 60/n
Jasper /nnode x is: -43.4321/nnode y is: -67.333/nnode z is: 747/nnode r is: 80.1254/nnode phi is: -2.14367/nnode node layer is: 69/n
Jasper /nnode x is: -48.3212/nnode y is: -75.1609/nnode z is: 833/nnode r is: 89.3538/nnode phi is: -2.14217/nnode node layer is: 71/n
Jasper /nnode x is: -53.3889/nnode y is: -83.4021/nnode z is: 923/nnode r is: 99.0267/nnode phi is: -2.14021/nnode node layer is: 73/n
Jasper /nnode x is: -59.0367/nnode y is: -92.6882/nnode z is: 1024/nnode r is: 109.893/nnode phi is: -2.13793/nnode node layer is: 75/n
Jasper /nnode x is: -101.378/nnode y is: -128.817/nnode z is: -2841.5/nnode r is: 163.925/nnode phi is: -2.23755/nnode node layer is: 92/n
Jasper /nnode x is: -101.595/nnode y is: -129.07/nnode z is: -2847.5/nnode r is: 164.258/nnode phi is: -2.23764/nnode node layer is: 92/n
Jasper /nnode x is: -85.138/nnode y is: -136.758/nnode z is: 1500.5/nnode r is: 161.093/nnode phi is: -2.12763/nnode node layer is: 155/n
Jasper /nnode x is: -92.6764/nnode y is: -149.87/nnode z is: 1641.5/nnode r is: 176.21/nnode phi is: -2.12462/nnode node layer is: 156/n
Jasper /nnode x is: -100.896/nnode y is: -164.465/nnode z is: 1797.5/nnode r is: 192.948/nnode phi is: -2.12107/nnode node layer is: 157/n
Jasper /nnode x is: -120.89/nnode y is: -200.553/nnode z is: 2182.5/nnode r is: 234.171/nnode phi is: -2.11326/nnode node layer is: 176/n
Jasper /nnode x is: -155.495/nnode y is: -263.585/nnode z is: 2852.5/nnode r is: 306.032/nnode phi is: -2.10377/nnode node layer is: 196/n
14:26:48    Sequencer      INFO      finished event 0
14:26:48    RootParticle   INFO      Wrote particles to tree 'particles' in '/opt/ppd/scratch-2022/japresto/acts/itk_output/particles_simulation.root'
14:26:48    TrackFinderP   INFO      Efficiency with tracks (nMatchedTracks/ nAllTracks) = 1
14:26:48    TrackFinderP   INFO      Fake ratio with tracks (nFakeTracks/nAllTracks) = 0
14:26:48    TrackFinderP   INFO      Duplicate ratio with tracks (nDuplicateTracks/nAllTracks) = 0.777778
14:26:48    TrackFinderP   INFO      Efficiency with particles (nMatchedParticles/nTrueParticles) = 1
14:26:48    TrackFinderP   INFO      Fake ratio with particles (nFakeParticles/nTrueParticles) = 0
14:26:48    TrackFinderP   INFO      Duplicate ratio with particles (nDuplicateParticles/nTrueParticles) = 1
14:26:48    TrackFinderP   INFO      Wrote performance plots to '/opt/ppd/scratch-2022/japresto/acts/itk_output/performance_seeding.root:/'
14:26:48    RootTrackPar   INFO      Wrote estimated parameters from seed to tree 'estimatedparams' in '/opt/ppd/scratch-2022/japresto/acts/itk_output/estimatedparams.root'
14:26:48    TrackFinding   INFO      TrackFindingAlgorithm statistics:
14:26:48    TrackFinding   INFO      - total seeds: 9
14:26:48    TrackFinding   INFO      - deduplicated seeds: 0
14:26:48    TrackFinding   INFO      - failed seeds: 0
14:26:48    TrackFinding   INFO      - failed smoothing: 0
14:26:48    TrackFinding   INFO      - failed extrapolation: 0
14:26:48    TrackFinding   INFO      - failure ratio seeds: 0
14:26:48    TrackFinding   INFO      - found tracks: 9
14:26:48    TrackFinding   INFO      - selected tracks: 9
14:26:48    TrackFinding   INFO      - stopped branches: 0
14:26:48    TrackFinding   INFO      - skipped second pass: 0
14:26:48    RootTrackSum   INFO      Wrote parameters of tracks to tree 'tracksummary' in '/opt/ppd/scratch-2022/japresto/acts/itk_output/tracksummary_ckf.root'
14:26:48    TrackFitterP   INFO      Wrote performance plots to '/opt/ppd/scratch-2022/japresto/acts/itk_output/performance_fitting_ckf.root:/'
14:26:48    TrackFinderP   INFO      Efficiency with tracks (nMatchedTracks/ nAllTracks) = 1
14:26:48    TrackFinderP   INFO      Fake ratio with tracks (nFakeTracks/nAllTracks) = 0
14:26:48    TrackFinderP   INFO      Duplicate ratio with tracks (nDuplicateTracks/nAllTracks) = 0.777778
14:26:48    TrackFinderP   INFO      Efficiency with particles (nMatchedParticles/nTrueParticles) = 1
14:26:48    TrackFinderP   INFO      Fake ratio with particles (nFakeParticles/nTrueParticles) = 0
14:26:48    TrackFinderP   INFO      Duplicate ratio with particles (nDuplicateParticles/nTrueParticles) = 1
14:26:48    TrackFinderP   INFO      Wrote performance plots to '/opt/ppd/scratch-2022/japresto/acts/itk_output/performance_finding_ckf.root:/'
14:26:48    Sequencer      INFO      No unmasked FPEs encountered
14:26:48    Sequencer      INFO      Processed 1 events in 270.284660 ms (wall clock)
14:26:48    Sequencer      INFO      Average time per event: 6.872799 ms/event
FPE masks:
- Core/src/Vertexing/AdaptiveMultiVertexFinder.cpp:474: FLTUND: 1
- Core/include/Acts/TrackFitting/detail/GsfComponentMerging.hpp:88: FLTUND: 1
- Core/include/Acts/TrackFitting/detail/GsfComponentMerging.hpp:198: FLTUND: 1
- Core/include/Acts/Visualization/Interpolation3D.hpp:65: FLTDIV: 1
- Core/include/Acts/Visualization/Interpolation3D.hpp:66: FLTINV: 1
- Fatras/include/ActsFatras/Kernel/detail/SimulationActor.hpp:172: FLTUND: 1
