11:25:12    buildITkGeom   INFO      Adding material from /opt/ppd/scratch-2022/japresto/acts/acts-itk/itk-hgtd/material-maps-ITk-HGTD.json
Info in <TGeoManager::Import>: Reading geometry from file: acts-itk/itk-hgtd/ATLAS-ITk-HGTD.tgeo.root
Info in <TGeoManager::CloseGeometry>: Geometry loaded from file...
Info in <TGeoManager::SetTopVolume>: Top volume is BeamPipe__World. Master volume is BeamPipe__World
Info in <TGeoNavigator::BuildCache>: --- Maximum geometry depth set to 100
Info in <TGeoManager::CloseGeometry>: Voxelization retrieved from file
Info in <TGeoManager::CountLevels>: max level = 9, max placements = 46975
Info in <TGeoManager::CloseGeometry>: 233079 nodes/ 703 volume UID's in Geometry imported from GDML
Info in <TGeoManager::CloseGeometry>: ----------------modeler ready----------------
Warning in <TGeoMatrix::dtor>: Registered matrix ITkPixel__ITkPixelDetectorID was removed
Warning in <TGeoMatrix::dtor>: Registered matrix ITkPixel__ITkPixelDetectorID was removed
Warning in <TGeoMatrix::dtor>: Registered matrix ITkPixel__ITkPixelDetectorID was removed
Warning in <TGeoMatrix::dtor>: Registered matrix ITkPixel__ITkPixelDetectorID was removed
Warning in <TGeoMatrix::dtor>: Registered matrix ITkPixel__ITkPixelDetectorID was removed
Warning in <TGeoMatrix::dtor>: Registered matrix ITkPixel__ITkPixelDetectorID was removed
Warning in <TGeoMatrix::dtor>: Registered matrix ITkStrip__ITkStripID was removed
Warning in <TGeoMatrix::dtor>: Registered matrix ITkStrip__ITkStripID was removed
Warning in <TGeoMatrix::dtor>: Registered matrix ITkStrip__ITkStripID was removed
Warning in <TGeoMatrix::dtor>: Registered matrix HGTD__HGTDID was removed
Warning in <TGeoMatrix::dtor>: Registered matrix HGTD__HGTDID was removed
11:25:40    Sequencer      INFO      Create Sequencer (single-threaded)
11:25:40    Sequencer      INFO      Add Reader 'EventGenerator'
11:25:40    Sequencer      INFO      -> OutputEvent 'particle_gun_event':
11:25:40    Sequencer      INFO         shared_ptr<HepMC3::GenEvent>
11:25:40    Sequencer      INFO      Add Algorithm 'HepMC3InputConverter'
11:25:40    Sequencer      INFO      <- InputEvent 'particle_gun_event':
11:25:40    Sequencer      INFO         shared_ptr<HepMC3::GenEvent>
11:25:40    Sequencer      INFO      -> OutputParticles 'particles_generated':
11:25:40    Sequencer      INFO         flat_set<SimParticle, detail::CompareParticleId, void>
11:25:40    Sequencer      INFO      -> OutputVertices 'vertices_generated':
11:25:40    Sequencer      INFO         flat_set<SimVertex, detail::CompareVertexId, void>
11:25:40    Sequencer      INFO      Key 'particles_generated' aliased to 'particles'
11:25:40    Sequencer      INFO      Key 'vertices_generated' aliased to 'vertices_truth'
11:25:40    Sequencer      INFO      Key 'particles_generated' aliased to 'particles_generated_selected'
11:25:40    Sequencer      INFO      Add Algorithm 'FatrasSimulation'
11:25:40    Sequencer      INFO      <- InputParticles 'particles_generated_selected':
11:25:40    Sequencer      INFO         flat_set<SimParticle, detail::CompareParticleId, void>
11:25:40    Sequencer      INFO      -> OutputSimHits 'simhits':
11:25:40    Sequencer      INFO         flat_multiset<Hit, detail::CompareGeometryId, void>
11:25:40    Sequencer      INFO      -> OutputParticles 'particles_simulated':
11:25:40    Sequencer      INFO         flat_set<SimParticle, detail::CompareParticleId, void>
11:25:40    Sequencer      INFO      Key 'particles_simulated' aliased to 'particles'
11:25:40    Sequencer      INFO      Key 'particles_simulated' aliased to 'particles_simulated_selected'
11:25:40    Sequencer      INFO      Add Writer 'RootParticleWriter'
11:25:40    Sequencer      INFO      <- InputHandle 'particles_simulated':
11:25:40    Sequencer      INFO         flat_set<SimParticle, detail::CompareParticleId, void>
11:25:40    Sequencer      INFO      Add Writer 'RootSimHitWriter'
11:25:40    Sequencer      INFO      <- InputHandle 'simhits':
11:25:40    Sequencer      INFO         flat_multiset<Hit, detail::CompareGeometryId, void>
11:25:40    Sequencer      INFO      Add Algorithm 'DigitizationAlgorithm'
11:25:40    Sequencer      INFO      <- InputHits 'simhits':
11:25:40    Sequencer      INFO         flat_multiset<Hit, detail::CompareGeometryId, void>
11:25:40    Sequencer      INFO      -> OutputMeasurements 'measurements':
11:25:40    Sequencer      INFO         MeasurementContainer
11:25:40    Sequencer      INFO      -> OutputClusters 'clusters':
11:25:40    Sequencer      INFO         vector<Cluster>
11:25:40    Sequencer      INFO      -> OutputMeasurementParticlesMap 'measurement_particles_map':
11:25:40    Sequencer      INFO         flat_multimap<unsigned int, Barcode, less<unsigned int>, void>
11:25:40    Sequencer      INFO      -> OutputMeasurementSimHitsMap 'measurement_simhits_map':
11:25:40    Sequencer      INFO         flat_multimap<unsigned int, unsigned int, less<unsigned int>, void>
11:25:40    Sequencer      INFO      -> OutputParticleMeasurementsMap 'particle_measurements_map':
11:25:40    Sequencer      INFO         flat_multimap<Barcode, unsigned int, less<Barcode>, void>
11:25:40    Sequencer      INFO      -> OutputSimHitMeasurementsMap 'simhit_measurements_map':
11:25:40    Sequencer      INFO         flat_multimap<unsigned int, unsigned int, less<unsigned int>, void>
11:25:40    Sequencer      INFO      Add Writer 'RootMeasurementWriter'
11:25:40    Sequencer      INFO      <- InputHandle 'measurements':
11:25:40    Sequencer      INFO         MeasurementContainer
11:25:40    Sequencer      INFO      <- InputClusters 'clusters':
11:25:40    Sequencer      INFO         vector<Cluster>
11:25:40    Sequencer      INFO      <- InputSimHits 'simhits':
11:25:40    Sequencer      INFO         flat_multiset<Hit, detail::CompareGeometryId, void>
11:25:40    Sequencer      INFO      <- InputMeasurementSimHitsMap 'measurement_simhits_map':
11:25:40    Sequencer      INFO         flat_multimap<unsigned int, unsigned int, less<unsigned int>, void>
11:25:40    Sequencer      INFO      Add Algorithm 'ParticleSelector'
11:25:40    Sequencer      INFO      <- InputParticles 'particles_simulated_selected':
11:25:40    Sequencer      INFO         flat_set<SimParticle, detail::CompareParticleId, void>
11:25:40    Sequencer      INFO      <- InputParticleMeasurementsMap 'particle_measurements_map':
11:25:40    Sequencer      INFO         flat_multimap<Barcode, unsigned int, less<Barcode>, void>
11:25:40    Sequencer      INFO      <- InputMeasurements 'measurements':
11:25:40    Sequencer      INFO         MeasurementContainer
11:25:40    Sequencer      INFO      -> OutputParticles 'tmp_particles_digitized_selected':
11:25:40    Sequencer      INFO         flat_set<SimParticle, detail::CompareParticleId, void>
11:25:40    Sequencer      INFO      Key 'tmp_particles_digitized_selected' aliased to 'particles_selected'
11:25:40    Sequencer      INFO      Key 'tmp_particles_digitized_selected' aliased to 'particles_digitized_selected'
11:25:40    Sequencer      INFO      Add Algorithm 'SpacePointMaker'
11:25:40    Sequencer      INFO      <- InputMeasurements 'measurements':
11:25:40    Sequencer      INFO         MeasurementContainer
11:25:40    Sequencer      INFO      -> OutputSpacePoints 'spacepoints':
11:25:40    Sequencer      INFO         vector<SimSpacePoint>
11:25:40    addSeeding     INFO      Using Gbts seeding
FPE masks:
- Core/src/Vertexing/AdaptiveMultiVertexFinder.cpp:474: FLTUND: 1
- Core/include/Acts/TrackFitting/detail/GsfComponentMerging.hpp:88: FLTUND: 1
- Core/include/Acts/TrackFitting/detail/GsfComponentMerging.hpp:198: FLTUND: 1
- Core/include/Acts/Visualization/Interpolation3D.hpp:65: FLTDIV: 1
- Core/include/Acts/Visualization/Interpolation3D.hpp:66: FLTINV: 1
- Fatras/include/ActsFatras/Kernel/detail/SimulationActor.hpp:172: FLTUND: 1
--------------------------------------------------------------------------------
Patched config constructor failed for <class 'acts.ActsPythonBindings._examples.GbtsSeedingAlgorithm'>
This is most likely because one of the following kwargs could not be assigned to
the Config object, and the constructor did not accept it as an additional
argument:
-> level, seedFinderOptions, geometrySelection
<class 'acts.ActsPythonBindings._examples.GbtsSeedingAlgorithm.Config'> has the following properties:
-> ActsGbtsMap, fill_module_csv, inputClusters, inputSpacePoints, layerMappingFile, outputSeeds, seedFinderConfig, trackingGeometry
--------------------------------------------------------------------------------
Traceback (most recent call last):
  File "/opt/ppd/scratch-2022/japresto/acts/Examples/Scripts/Python/full_chain_itk_Gbts.py", line 94, in <module>
    addSeeding(
  File "/home/ppd/jasper/QT/acts/build/python/acts/examples/__init__.py", line 189, in NamedTypeArgsWrapper
    return func(*newargs, **kwargs)
           ^^^^^^^^^^^^^^^^^^^^^^^^
  File "/home/ppd/jasper/QT/acts/build/python/acts/examples/reconstruction.py", line 437, in addSeeding
    seeds = addGbtsSeeding(
            ^^^^^^^^^^^^^^^
  File "/home/ppd/jasper/QT/acts/build/python/acts/examples/reconstruction.py", line 1253, in addGbtsSeeding
    seedingAlg = acts.examples.GbtsSeedingAlgorithm(
                 ^^^^^^^^^^^^^^^^^^^^^^^^^^^^^^^^^^^
  File "/home/ppd/jasper/QT/acts/build/python/acts/_adapter.py", line 55, in wrapped
    raise e
  File "/home/ppd/jasper/QT/acts/build/python/acts/_adapter.py", line 38, in wrapped
    fn(self, cfg, *args, **_kwargs)
TypeError: __init__(): incompatible constructor arguments. The following argument types are supported:
    1. acts.ActsPythonBindings._examples.GbtsSeedingAlgorithm(config: ActsExamples::GbtsSeedingAlgorithm::Config, level: acts.ActsPythonBindings.logging.Level)

Invoked with: <acts.ActsPythonBindings._examples.GbtsSeedingAlgorithm.Config object at 0x7f1a7b993030>; kwargs: level=<Level.INFO: 2>, seedFinderOptions=<acts.ActsPythonBindings.SeedFinderOptions object at 0x7f1a96bc50b0>, geometrySelection=[<acts.ActsPythonBindings.GeometryIdentifier object at 0x7f1a7b993970>, <acts.ActsPythonBindings.GeometryIdentifier object at 0x7f1a7b993930>, <acts.ActsPythonBindings.GeometryIdentifier object at 0x7f1a7b9938b0>, <acts.ActsPythonBindings.GeometryIdentifier object at 0x7f1a7b993330>, <acts.ActsPythonBindings.GeometryIdentifier object at 0x7f1a7b9931f0>, <acts.ActsPythonBindings.GeometryIdentifier object at 0x7f1a7b9931b0>, <acts.ActsPythonBindings.GeometryIdentifier object at 0x7f1a7b993170>, <acts.ActsPythonBindings.GeometryIdentifier object at 0x7f1a7b993130>, <acts.ActsPythonBindings.GeometryIdentifier object at 0x7f1a7b9930f0>, <acts.ActsPythonBindings.GeometryIdentifier object at 0x7f1a7b9930b0>]
